<?xml version="1.0" encoding="UTF-8"?>
<testsuite xmlns:xsi="http://www.w3.org/2001/XMLSchema-instance" xsi:noNamespaceSchemaLocation="https://maven.apache.org/surefire/maven-surefire-plugin/xsd/surefire-test-report-3.0.xsd" version="3.0" name="TestSuite" time="19.244" tests="4" errors="0" skipped="0" failures="0">
  <properties>
    <property name="java.specification.version" value="19"/>
    <property name="webdriver.chrome.driver" value="/Users/sonambishnoi/.m2/repository/webdriver/chromedriver/mac64/109.0.5414.74/chromedriver"/>
    <property name="sun.jnu.encoding" value="UTF-8"/>
    <property name="java.class.path" value="/Users/sonambishnoi/eclipse-workspace/TestAutomation/target/test-classes:/Users/sonambishnoi/eclipse-workspace/TestAutomation/target/classes:/Users/sonambishnoi/.m2/repository/io/github/bonigarcia/webdrivermanager/3.8.1/webdrivermanager-3.8.1.jar:/Users/sonambishnoi/.m2/repository/org/slf4j/slf4j-api/1.7.25/slf4j-api-1.7.25.jar:/Users/sonambishnoi/.m2/repository/commons-io/commons-io/2.6/commons-io-2.6.jar:/Users/sonambishnoi/.m2/repository/com/google/code/gson/gson/2.8.5/gson-2.8.5.jar:/Users/sonambishnoi/.m2/repository/org/apache/commons/commons-lang3/3.8.1/commons-lang3-3.8.1.jar:/Users/sonambishnoi/.m2/repository/org/apache/httpcomponents/httpclient/4.5.6/httpclient-4.5.6.jar:/Users/sonambishnoi/.m2/repository/org/apache/httpcomponents/httpcore/4.4.10/httpcore-4.4.10.jar:/Users/sonambishnoi/.m2/repository/commons-logging/commons-logging/1.2/commons-logging-1.2.jar:/Users/sonambishnoi/.m2/repository/commons-codec/commons-codec/1.10/commons-codec-1.10.jar:/Users/sonambishnoi/.m2/repository/org/rauschig/jarchivelib/1.0.0/jarchivelib-1.0.0.jar:/Users/sonambishnoi/.m2/repository/org/apache/commons/commons-compress/1.18/commons-compress-1.18.jar:/Users/sonambishnoi/.m2/repository/org/jsoup/jsoup/1.11.3/jsoup-1.11.3.jar:/Users/sonambishnoi/.m2/repository/org/apache/maven/maven-core/3.8.6/maven-core-3.8.6.jar:/Users/sonambishnoi/.m2/repository/org/apache/maven/maven-model/3.8.6/maven-model-3.8.6.jar:/Users/sonambishnoi/.m2/repository/org/apache/maven/maven-settings/3.8.6/maven-settings-3.8.6.jar:/Users/sonambishnoi/.m2/repository/org/apache/maven/maven-settings-builder/3.8.6/maven-settings-builder-3.8.6.jar:/Users/sonambishnoi/.m2/repository/org/codehaus/plexus/plexus-sec-dispatcher/2.0/plexus-sec-dispatcher-2.0.jar:/Users/sonambishnoi/.m2/repository/org/codehaus/plexus/plexus-cipher/2.0/plexus-cipher-2.0.jar:/Users/sonambishnoi/.m2/repository/org/apache/maven/maven-builder-support/3.8.6/maven-builder-support-3.8.6.jar:/Users/sonambishnoi/.m2/repository/org/apache/maven/maven-repository-metadata/3.8.6/maven-repository-metadata-3.8.6.jar:/Users/sonambishnoi/.m2/repository/org/apache/maven/maven-artifact/3.8.6/maven-artifact-3.8.6.jar:/Users/sonambishnoi/.m2/repository/org/apache/maven/maven-plugin-api/3.8.6/maven-plugin-api-3.8.6.jar:/Users/sonambishnoi/.m2/repository/org/apache/maven/maven-model-builder/3.8.6/maven-model-builder-3.8.6.jar:/Users/sonambishnoi/.m2/repository/org/apache/maven/maven-resolver-provider/3.8.6/maven-resolver-provider-3.8.6.jar:/Users/sonambishnoi/.m2/repository/org/apache/maven/resolver/maven-resolver-impl/1.6.3/maven-resolver-impl-1.6.3.jar:/Users/sonambishnoi/.m2/repository/org/apache/maven/resolver/maven-resolver-api/1.6.3/maven-resolver-api-1.6.3.jar:/Users/sonambishnoi/.m2/repository/org/apache/maven/resolver/maven-resolver-spi/1.6.3/maven-resolver-spi-1.6.3.jar:/Users/sonambishnoi/.m2/repository/org/apache/maven/resolver/maven-resolver-util/1.6.3/maven-resolver-util-1.6.3.jar:/Users/sonambishnoi/.m2/repository/org/apache/maven/shared/maven-shared-utils/3.3.4/maven-shared-utils-3.3.4.jar:/Users/sonambishnoi/.m2/repository/org/eclipse/sisu/org.eclipse.sisu.plexus/0.3.5/org.eclipse.sisu.plexus-0.3.5.jar:/Users/sonambishnoi/.m2/repository/javax/annotation/javax.annotation-api/1.2/javax.annotation-api-1.2.jar:/Users/sonambishnoi/.m2/repository/org/eclipse/sisu/org.eclipse.sisu.inject/0.3.5/org.eclipse.sisu.inject-0.3.5.jar:/Users/sonambishnoi/.m2/repository/com/google/inject/guice/4.2.2/guice-4.2.2-no_aop.jar:/Users/sonambishnoi/.m2/repository/aopalliance/aopalliance/1.0/aopalliance-1.0.jar:/Users/sonambishnoi/.m2/repository/javax/inject/javax.inject/1/javax.inject-1.jar:/Users/sonambishnoi/.m2/repository/org/codehaus/plexus/plexus-utils/3.3.1/plexus-utils-3.3.1.jar:/Users/sonambishnoi/.m2/repository/org/codehaus/plexus/plexus-classworlds/2.6.0/plexus-classworlds-2.6.0.jar:/Users/sonambishnoi/.m2/repository/org/codehaus/plexus/plexus-interpolation/1.26/plexus-interpolation-1.26.jar:/Users/sonambishnoi/.m2/repository/org/codehaus/plexus/plexus-component-annotations/2.1.0/plexus-component-annotations-2.1.0.jar:/Users/sonambishnoi/.m2/repository/org/testng/testng/6.14.3/testng-6.14.3.jar:/Users/sonambishnoi/.m2/repository/com/beust/jcommander/1.72/jcommander-1.72.jar:/Users/sonambishnoi/.m2/repository/org/apache-extras/beanshell/bsh/2.0b6/bsh-2.0b6.jar:/Users/sonambishnoi/.m2/repository/org/seleniumhq/selenium/selenium-java/3.141.59/selenium-java-3.141.59.jar:/Users/sonambishnoi/.m2/repository/org/seleniumhq/selenium/selenium-api/3.141.59/selenium-api-3.141.59.jar:/Users/sonambishnoi/.m2/repository/org/seleniumhq/selenium/selenium-chrome-driver/3.141.59/selenium-chrome-driver-3.141.59.jar:/Users/sonambishnoi/.m2/repository/org/seleniumhq/selenium/selenium-edge-driver/3.141.59/selenium-edge-driver-3.141.59.jar:/Users/sonambishnoi/.m2/repository/org/seleniumhq/selenium/selenium-firefox-driver/3.141.59/selenium-firefox-driver-3.141.59.jar:/Users/sonambishnoi/.m2/repository/org/seleniumhq/selenium/selenium-ie-driver/3.141.59/selenium-ie-driver-3.141.59.jar:/Users/sonambishnoi/.m2/repository/org/seleniumhq/selenium/selenium-opera-driver/3.141.59/selenium-opera-driver-3.141.59.jar:/Users/sonambishnoi/.m2/repository/org/seleniumhq/selenium/selenium-remote-driver/3.141.59/selenium-remote-driver-3.141.59.jar:/Users/sonambishnoi/.m2/repository/org/seleniumhq/selenium/selenium-safari-driver/3.141.59/selenium-safari-driver-3.141.59.jar:/Users/sonambishnoi/.m2/repository/org/seleniumhq/selenium/selenium-support/3.141.59/selenium-support-3.141.59.jar:/Users/sonambishnoi/.m2/repository/net/bytebuddy/byte-buddy/1.8.15/byte-buddy-1.8.15.jar:/Users/sonambishnoi/.m2/repository/org/apache/commons/commons-exec/1.3/commons-exec-1.3.jar:/Users/sonambishnoi/.m2/repository/com/google/guava/guava/25.0-jre/guava-25.0-jre.jar:/Users/sonambishnoi/.m2/repository/com/google/code/findbugs/jsr305/1.3.9/jsr305-1.3.9.jar:/Users/sonambishnoi/.m2/repository/org/checkerframework/checker-compat-qual/2.0.0/checker-compat-qual-2.0.0.jar:/Users/sonambishnoi/.m2/repository/com/google/errorprone/error_prone_annotations/2.1.3/error_prone_annotations-2.1.3.jar:/Users/sonambishnoi/.m2/repository/com/google/j2objc/j2objc-annotations/1.1/j2objc-annotations-1.1.jar:/Users/sonambishnoi/.m2/repository/org/codehaus/mojo/animal-sniffer-annotations/1.14/animal-sniffer-annotations-1.14.jar:/Users/sonambishnoi/.m2/repository/com/squareup/okhttp3/okhttp/3.11.0/okhttp-3.11.0.jar:/Users/sonambishnoi/.m2/repository/com/squareup/okio/okio/1.14.0/okio-1.14.0.jar:/Users/sonambishnoi/.m2/repository/com/fasterxml/jackson/core/jackson-databind/2.13.4.2/jackson-databind-2.13.4.2.jar:/Users/sonambishnoi/.m2/repository/com/fasterxml/jackson/core/jackson-annotations/2.13.4/jackson-annotations-2.13.4.jar:/Users/sonambishnoi/.m2/repository/com/fasterxml/jackson/core/jackson-core/2.13.4/jackson-core-2.13.4.jar:/Users/sonambishnoi/.m2/repository/com/aventstack/extentreports/5.0.9/extentreports-5.0.9.jar:/Users/sonambishnoi/.m2/repository/io/reactivex/rxjava3/rxjava/3.0.4/rxjava-3.0.4.jar:/Users/sonambishnoi/.m2/repository/org/reactivestreams/reactive-streams/1.0.3/reactive-streams-1.0.3.jar:/Users/sonambishnoi/.m2/repository/org/freemarker/freemarker/2.3.30/freemarker-2.3.30.jar:/Users/sonambishnoi/.m2/repository/org/projectlombok/lombok/1.18.24/lombok-1.18.24.jar:"/>
    <property name="java.vm.vendor" value="Homebrew"/>
    <property name="sun.arch.data.model" value="64"/>
    <property name="java.vendor.url" value="https://github.com/Homebrew/homebrew-core/issues"/>
    <property name="user.timezone" value="Europe/Amsterdam"/>
    <property name="os.name" value="Mac OS X"/>
    <property name="java.vm.specification.version" value="19"/>
    <property name="sun.java.launcher" value="SUN_STANDARD"/>
    <property name="user.country" value="NL"/>
    <property name="sun.boot.library.path" value="/usr/local/Cellar/openjdk/19.0.1/libexec/openjdk.jdk/Contents/Home/lib"/>
    <property name="sun.java.command" value="/Users/sonambishnoi/eclipse-workspace/TestAutomation/target/surefire/surefirebooter2831883222634877943.jar /Users/sonambishnoi/eclipse-workspace/TestAutomation/target/surefire 2023-01-18T15-47-50_434-jvmRun1 surefire13613548543203767531tmp surefire_0455854019536044775tmp"/>
    <property name="http.nonProxyHosts" value="local|*.local|169.254/16|*.169.254/16"/>
    <property name="jdk.debug" value="release"/>
    <property name="surefire.test.class.path" value="/Users/sonambishnoi/eclipse-workspace/TestAutomation/target/test-classes:/Users/sonambishnoi/eclipse-workspace/TestAutomation/target/classes:/Users/sonambishnoi/.m2/repository/io/github/bonigarcia/webdrivermanager/3.8.1/webdrivermanager-3.8.1.jar:/Users/sonambishnoi/.m2/repository/org/slf4j/slf4j-api/1.7.25/slf4j-api-1.7.25.jar:/Users/sonambishnoi/.m2/repository/commons-io/commons-io/2.6/commons-io-2.6.jar:/Users/sonambishnoi/.m2/repository/com/google/code/gson/gson/2.8.5/gson-2.8.5.jar:/Users/sonambishnoi/.m2/repository/org/apache/commons/commons-lang3/3.8.1/commons-lang3-3.8.1.jar:/Users/sonambishnoi/.m2/repository/org/apache/httpcomponents/httpclient/4.5.6/httpclient-4.5.6.jar:/Users/sonambishnoi/.m2/repository/org/apache/httpcomponents/httpcore/4.4.10/httpcore-4.4.10.jar:/Users/sonambishnoi/.m2/repository/commons-logging/commons-logging/1.2/commons-logging-1.2.jar:/Users/sonambishnoi/.m2/repository/commons-codec/commons-codec/1.10/commons-codec-1.10.jar:/Users/sonambishnoi/.m2/repository/org/rauschig/jarchivelib/1.0.0/jarchivelib-1.0.0.jar:/Users/sonambishnoi/.m2/repository/org/apache/commons/commons-compress/1.18/commons-compress-1.18.jar:/Users/sonambishnoi/.m2/repository/org/jsoup/jsoup/1.11.3/jsoup-1.11.3.jar:/Users/sonambishnoi/.m2/repository/org/apache/maven/maven-core/3.8.6/maven-core-3.8.6.jar:/Users/sonambishnoi/.m2/repository/org/apache/maven/maven-model/3.8.6/maven-model-3.8.6.jar:/Users/sonambishnoi/.m2/repository/org/apache/maven/maven-settings/3.8.6/maven-settings-3.8.6.jar:/Users/sonambishnoi/.m2/repository/org/apache/maven/maven-settings-builder/3.8.6/maven-settings-builder-3.8.6.jar:/Users/sonambishnoi/.m2/repository/org/codehaus/plexus/plexus-sec-dispatcher/2.0/plexus-sec-dispatcher-2.0.jar:/Users/sonambishnoi/.m2/repository/org/codehaus/plexus/plexus-cipher/2.0/plexus-cipher-2.0.jar:/Users/sonambishnoi/.m2/repository/org/apache/maven/maven-builder-support/3.8.6/maven-builder-support-3.8.6.jar:/Users/sonambishnoi/.m2/repository/org/apache/maven/maven-repository-metadata/3.8.6/maven-repository-metadata-3.8.6.jar:/Users/sonambishnoi/.m2/repository/org/apache/maven/maven-artifact/3.8.6/maven-artifact-3.8.6.jar:/Users/sonambishnoi/.m2/repository/org/apache/maven/maven-plugin-api/3.8.6/maven-plugin-api-3.8.6.jar:/Users/sonambishnoi/.m2/repository/org/apache/maven/maven-model-builder/3.8.6/maven-model-builder-3.8.6.jar:/Users/sonambishnoi/.m2/repository/org/apache/maven/maven-resolver-provider/3.8.6/maven-resolver-provider-3.8.6.jar:/Users/sonambishnoi/.m2/repository/org/apache/maven/resolver/maven-resolver-impl/1.6.3/maven-resolver-impl-1.6.3.jar:/Users/sonambishnoi/.m2/repository/org/apache/maven/resolver/maven-resolver-api/1.6.3/maven-resolver-api-1.6.3.jar:/Users/sonambishnoi/.m2/repository/org/apache/maven/resolver/maven-resolver-spi/1.6.3/maven-resolver-spi-1.6.3.jar:/Users/sonambishnoi/.m2/repository/org/apache/maven/resolver/maven-resolver-util/1.6.3/maven-resolver-util-1.6.3.jar:/Users/sonambishnoi/.m2/repository/org/apache/maven/shared/maven-shared-utils/3.3.4/maven-shared-utils-3.3.4.jar:/Users/sonambishnoi/.m2/repository/org/eclipse/sisu/org.eclipse.sisu.plexus/0.3.5/org.eclipse.sisu.plexus-0.3.5.jar:/Users/sonambishnoi/.m2/repository/javax/annotation/javax.annotation-api/1.2/javax.annotation-api-1.2.jar:/Users/sonambishnoi/.m2/repository/org/eclipse/sisu/org.eclipse.sisu.inject/0.3.5/org.eclipse.sisu.inject-0.3.5.jar:/Users/sonambishnoi/.m2/repository/com/google/inject/guice/4.2.2/guice-4.2.2-no_aop.jar:/Users/sonambishnoi/.m2/repository/aopalliance/aopalliance/1.0/aopalliance-1.0.jar:/Users/sonambishnoi/.m2/repository/javax/inject/javax.inject/1/javax.inject-1.jar:/Users/sonambishnoi/.m2/repository/org/codehaus/plexus/plexus-utils/3.3.1/plexus-utils-3.3.1.jar:/Users/sonambishnoi/.m2/repository/org/codehaus/plexus/plexus-classworlds/2.6.0/plexus-classworlds-2.6.0.jar:/Users/sonambishnoi/.m2/repository/org/codehaus/plexus/plexus-interpolation/1.26/plexus-interpolation-1.26.jar:/Users/sonambishnoi/.m2/repository/org/codehaus/plexus/plexus-component-annotations/2.1.0/plexus-component-annotations-2.1.0.jar:/Users/sonambishnoi/.m2/repository/org/testng/testng/6.14.3/testng-6.14.3.jar:/Users/sonambishnoi/.m2/repository/com/beust/jcommander/1.72/jcommander-1.72.jar:/Users/sonambishnoi/.m2/repository/org/apache-extras/beanshell/bsh/2.0b6/bsh-2.0b6.jar:/Users/sonambishnoi/.m2/repository/org/seleniumhq/selenium/selenium-java/3.141.59/selenium-java-3.141.59.jar:/Users/sonambishnoi/.m2/repository/org/seleniumhq/selenium/selenium-api/3.141.59/selenium-api-3.141.59.jar:/Users/sonambishnoi/.m2/repository/org/seleniumhq/selenium/selenium-chrome-driver/3.141.59/selenium-chrome-driver-3.141.59.jar:/Users/sonambishnoi/.m2/repository/org/seleniumhq/selenium/selenium-edge-driver/3.141.59/selenium-edge-driver-3.141.59.jar:/Users/sonambishnoi/.m2/repository/org/seleniumhq/selenium/selenium-firefox-driver/3.141.59/selenium-firefox-driver-3.141.59.jar:/Users/sonambishnoi/.m2/repository/org/seleniumhq/selenium/selenium-ie-driver/3.141.59/selenium-ie-driver-3.141.59.jar:/Users/sonambishnoi/.m2/repository/org/seleniumhq/selenium/selenium-opera-driver/3.141.59/selenium-opera-driver-3.141.59.jar:/Users/sonambishnoi/.m2/repository/org/seleniumhq/selenium/selenium-remote-driver/3.141.59/selenium-remote-driver-3.141.59.jar:/Users/sonambishnoi/.m2/repository/org/seleniumhq/selenium/selenium-safari-driver/3.141.59/selenium-safari-driver-3.141.59.jar:/Users/sonambishnoi/.m2/repository/org/seleniumhq/selenium/selenium-support/3.141.59/selenium-support-3.141.59.jar:/Users/sonambishnoi/.m2/repository/net/bytebuddy/byte-buddy/1.8.15/byte-buddy-1.8.15.jar:/Users/sonambishnoi/.m2/repository/org/apache/commons/commons-exec/1.3/commons-exec-1.3.jar:/Users/sonambishnoi/.m2/repository/com/google/guava/guava/25.0-jre/guava-25.0-jre.jar:/Users/sonambishnoi/.m2/repository/com/google/code/findbugs/jsr305/1.3.9/jsr305-1.3.9.jar:/Users/sonambishnoi/.m2/repository/org/checkerframework/checker-compat-qual/2.0.0/checker-compat-qual-2.0.0.jar:/Users/sonambishnoi/.m2/repository/com/google/errorprone/error_prone_annotations/2.1.3/error_prone_annotations-2.1.3.jar:/Users/sonambishnoi/.m2/repository/com/google/j2objc/j2objc-annotations/1.1/j2objc-annotations-1.1.jar:/Users/sonambishnoi/.m2/repository/org/codehaus/mojo/animal-sniffer-annotations/1.14/animal-sniffer-annotations-1.14.jar:/Users/sonambishnoi/.m2/repository/com/squareup/okhttp3/okhttp/3.11.0/okhttp-3.11.0.jar:/Users/sonambishnoi/.m2/repository/com/squareup/okio/okio/1.14.0/okio-1.14.0.jar:/Users/sonambishnoi/.m2/repository/com/fasterxml/jackson/core/jackson-databind/2.13.4.2/jackson-databind-2.13.4.2.jar:/Users/sonambishnoi/.m2/repository/com/fasterxml/jackson/core/jackson-annotations/2.13.4/jackson-annotations-2.13.4.jar:/Users/sonambishnoi/.m2/repository/com/fasterxml/jackson/core/jackson-core/2.13.4/jackson-core-2.13.4.jar:/Users/sonambishnoi/.m2/repository/com/aventstack/extentreports/5.0.9/extentreports-5.0.9.jar:/Users/sonambishnoi/.m2/repository/io/reactivex/rxjava3/rxjava/3.0.4/rxjava-3.0.4.jar:/Users/sonambishnoi/.m2/repository/org/reactivestreams/reactive-streams/1.0.3/reactive-streams-1.0.3.jar:/Users/sonambishnoi/.m2/repository/org/freemarker/freemarker/2.3.30/freemarker-2.3.30.jar:/Users/sonambishnoi/.m2/repository/org/projectlombok/lombok/1.18.24/lombok-1.18.24.jar:"/>
    <property name="sun.cpu.endian" value="little"/>
    <property name="user.home" value="/Users/sonambishnoi"/>
    <property name="user.language" value="en"/>
    <property name="java.specification.vendor" value="Oracle Corporation"/>
    <property name="java.version.date" value="2022-10-18"/>
    <property name="java.home" value="/usr/local/Cellar/openjdk/19.0.1/libexec/openjdk.jdk/Contents/Home"/>
    <property name="file.separator" value="/"/>
    <property name="basedir" value="/Users/sonambishnoi/eclipse-workspace/TestAutomation"/>
    <property name="java.vm.compressedOopsMode" value="Zero based"/>
    <property name="line.separator" value="&#10;"/>
    <property name="java.vm.specification.vendor" value="Oracle Corporation"/>
    <property name="java.specification.name" value="Java Platform API Specification"/>
    <property name="apple.awt.application.name" value="ForkedBooter"/>
    <property name="surefire.real.class.path" value="/Users/sonambishnoi/eclipse-workspace/TestAutomation/target/surefire/surefirebooter2831883222634877943.jar"/>
    <property name="sun.management.compiler" value="HotSpot 64-Bit Tiered Compilers"/>
    <property name="ftp.nonProxyHosts" value="local|*.local|169.254/16|*.169.254/16"/>
    <property name="java.runtime.version" value="19.0.1"/>
    <property name="user.name" value="sonambishnoi"/>
    <property name="stdout.encoding" value="UTF-8"/>
    <property name="path.separator" value=":"/>
    <property name="os.version" value="13.1"/>
    <property name="java.runtime.name" value="OpenJDK Runtime Environment"/>
    <property name="file.encoding" value="UTF-8"/>
    <property name="java.vm.name" value="OpenJDK 64-Bit Server VM"/>
    <property name="java.vendor.version" value="Homebrew"/>
    <property name="localRepository" value="/Users/sonambishnoi/.m2/repository"/>
    <property name="java.vendor.url.bug" value="https://github.com/Homebrew/homebrew-core/issues"/>
    <property name="java.io.tmpdir" value="/var/folders/s7/vngphcxn3md1wczjfxynl8sr0000gn/T/"/>
    <property name="java.version" value="19.0.1"/>
    <property name="user.dir" value="/Users/sonambishnoi/eclipse-workspace/TestAutomation"/>
    <property name="os.arch" value="x86_64"/>
    <property name="java.vm.specification.name" value="Java Virtual Machine Specification"/>
    <property name="native.encoding" value="UTF-8"/>
    <property name="java.library.path" value="/Users/sonambishnoi/Library/Java/Extensions:/Library/Java/Extensions:/Network/Library/Java/Extensions:/System/Library/Java/Extensions:/usr/lib/java:."/>
    <property name="java.vm.info" value="mixed mode, sharing"/>
    <property name="stderr.encoding" value="UTF-8"/>
    <property name="java.vendor" value="Homebrew"/>
    <property name="java.vm.version" value="19.0.1"/>
    <property name="sun.io.unicode.encoding" value="UnicodeBig"/>
    <property name="socksNonProxyHosts" value="local|*.local|169.254/16|*.169.254/16"/>
    <property name="java.class.version" value="63.0"/>
  </properties>
  <testcase name="order[{password=Denhaag@1988, product=ZARA COAT 3, email=sonam.bishnoi.jpr@gmail.com}](1)" classname="tests.Loginsampl" time="3.092">
    <system-out><![CDATA[[TestNGContentHandler] [WARN] It is strongly recommended to add "<!DOCTYPE suite SYSTEM "http://testng.org/testng-1.0.dtd" >" at the top of your file, otherwise TestNG may fail or not work as expected.
/Users/sonambishnoi/eclipse-workspace/TestAutomation//src//test//java//data//PurchaseOrder.json/Users/sonambishnoi/eclipse-workspace/TestAutomation//src//test//java//data//PurchaseOrder.jsonsonam.bishnoi.jpr@gmail.com]]></system-out>
    <system-err><![CDATA[SLF4J: Failed to load class "org.slf4j.impl.StaticLoggerBinder".
SLF4J: Defaulting to no-operation (NOP) logger implementation
SLF4J: See http://www.slf4j.org/codes.html#StaticLoggerBinder for further details.
SSttaarrttiinngg  CChhrroommeeDDrriivveerr  11009.90..504.1454.1744 .(7e47 c(5e770c3576003460d4adaaa99cccc12182c8ccfc5fa55ad53de39e9939535113377558981931-3r-erfesf/sb/rabnrcha-nhceh-ahdesa/d5s4/1544@1{4#@1{1#7121})7 2on} )p oornt p o4r3t9 31777
O9n9
lyOn lolcayl  clooncnaelcti oconnsn ecarteio nasl alroew ead.l
lPolweaesde .
Psleeasee  hstetep sh:tt/p/sc:h/r/ocmherdormievderri.vcehrr.omcihurm.oomrigum/.osrecguri/tsye-ccuonrsiitdye-ractoionnss iford sueggreasttiionos nosn  fkoere psiugngegs ChrtoimonesD roin keeping Cvhroer smeaDrfieve.r
 saCfeh.r
omCherDormievDerri vwears wa s ssttaarrtteedd  suscuccecsessfsuflulllyy..

Jan 18, 2023 3:47:56 PM org.openqa.selenium.remote.ProtocolHandshake createSession
INFO: Detected dialect: W3C
Jan 18, 2023 3:47:56 PM org.openqa.selenium.remote.ProtocolHandshake createSession
INFO: Detected dialect: W3C
]]></system-err>
  </testcase>
  <testcase name="order[{password=Denhaag@1988, product=ADIDAS ORIGINAL, email=sonam.bishnoi.nl@gmail.com}](2)" classname="tests.Loginsampl" time="3.397">
    <system-out><![CDATA[sonam.bishnoi.nl@gmail.com]]></system-out>
    <system-err><![CDATA[Starting ChromeDriver 109.0.5414.74 (e7c5703604daa9cc128ccf5a5d3e993513758913-refs/branch-heads/5414@{#1172}) on port 23922
Only local connections are allowed.
Please see https://chromedriver.chromium.org/security-considerations for suggestions on keeping ChromeDriver safe.
ChromeDriver was started successfully.
Starting ChromeDriver 109.0.5414.74 (e7c5703604daa9cc128ccf5a5d3e993513758913-refs/branch-heads/5414@{#1172}) on port 5631
Only local connections are allowed.
Please see https://chromedriver.chromium.org/security-considerations for suggestions on keeping ChromeDriver safe.
ChromeDriver was started successfully.
Jan 18, 2023 3:48:04 PM org.openqa.selenium.remote.ProtocolHandshake createSession
INFO: Detected dialect: W3C
Jan 18, 2023 3:48:04 PM org.openqa.selenium.remote.ProtocolHandshake createSession
INFO: Detected dialect: W3C
]]></system-err>
  </testcase>
  <testcase name="order[{password=Denhaag@1988, product=ZARA COAT 3, email=sonam.bishnoi.jpr@gmail.com}](1)" classname="tests.PlaceOrder" time="3.408"/>
  <testcase name="order[{password=Denhaag@1988, product=ADIDAS ORIGINAL, email=sonam.bishnoi.nl@gmail.com}](2)" classname="tests.PlaceOrder" time="3.824"/>
</testsuite>