<?xml version="1.0" encoding="UTF-8"?>
<!-- Generated by org.testng.reporters.JUnitReportReporter -->
<testsuite skipped="0" hostname="Sonams-MacBook-Pro.local" name="tests.PlaceOrder" tests="2" failures="0" timestamp="09 Jan 2023 11:26:25 GMT" time="15.148" errors="0">
  <testcase name="order" time="7.801" classname="tests.PlaceOrder"/>
  <testcase name="order" time="7.347" classname="tests.PlaceOrder"/>
</testsuite> <!-- tests.PlaceOrder -->
