<?xml version="1.0" encoding="UTF-8"?>
<!-- Generated by org.testng.reporters.JUnitReportReporter -->
<testsuite skipped="0" hostname="Sonams-MacBook-Pro.local" name="tests.ErrorValidationsTest" tests="1" failures="0" timestamp="09 Jan 2023 10:50:35 GMT" time="1.134" errors="0">
  <testcase name="validation" time="1.134" classname="tests.ErrorValidationsTest"/>
</testsuite> <!-- tests.ErrorValidationsTest -->
