<?xml version="1.0" encoding="UTF-8"?>
<!-- Generated by org.testng.reporters.JUnitReportReporter -->
<testsuite skipped="0" hostname="Sonams-MacBook-Pro.local" name="tests.Loginsampl" tests="2" failures="0" timestamp="09 Jan 2023 11:26:25 GMT" time="14.613" errors="0">
  <testcase name="order" time="7.273" classname="tests.Loginsampl"/>
  <testcase name="order" time="7.340" classname="tests.Loginsampl"/>
</testsuite> <!-- tests.Loginsampl -->
