<?xml version="1.0" encoding="UTF-8"?>
<!-- Generated by org.testng.reporters.JUnitReportReporter -->
<testsuite skipped="0" hostname="Sonams-MacBook-Pro.local" name="tests.mainscript" tests="1" failures="0" timestamp="04 Jan 2023 16:05:29 GMT" time="3.841" errors="0">
  <testcase name="order" time="3.841" classname="tests.mainscript"/>
</testsuite> <!-- tests.mainscript -->
