<?xml version="1.0" encoding="UTF-8"?>
<!-- Generated by org.testng.reporters.JUnitReportReporter -->
<testsuite hostname="Sonams-MacBook-Pro.local" failures="0" tests="2" name="tests.PlaceOrder" time="18.413" errors="0" timestamp="18 Jan 2023 14:48:10 GMT" skipped="0">
  <testcase classname="tests.PlaceOrder" name="order" time="10.570"/>
  <testcase classname="tests.PlaceOrder" name="order" time="7.843"/>
</testsuite> <!-- tests.PlaceOrder -->
