<?xml version="1.0" encoding="UTF-8"?>
<!-- Generated by org.testng.reporters.JUnitReportReporter -->
<testsuite hostname="Sonams-MacBook-Pro.local" failures="0" tests="2" name="tests.Loginsampl" time="18.077" errors="0" timestamp="18 Jan 2023 14:48:10 GMT" skipped="0">
  <testcase classname="tests.Loginsampl" name="order" time="10.364"/>
  <testcase classname="tests.Loginsampl" name="order" time="7.713"/>
</testsuite> <!-- tests.Loginsampl -->
